<?xml version="1.0" encoding="UTF-8"?>
<!-- Generated by org.testng.reporters.JUnitReportReporter -->
<testsuite hostname="DESKTOP-5B3SDIE" failures="0" tests="1" name="test.day4" time="0.002" errors="0" timestamp="2024-10-30T12:31:41 EDT" skipped="0">
  <testcase classname="test.day4" name="WebLoginCarLoan" time="0.002"/>
  <system-out/>
</testsuite> <!-- test.day4 -->
