<?xml version="1.0" encoding="UTF-8"?>
<!-- Generated by org.testng.reporters.JUnitReportReporter -->
<testsuite hostname="DESKTOP-5B3SDIE" failures="0" tests="6" name="test.day3" time="0.015" errors="0" timestamp="2024-11-05T16:30:04 EST" skipped="1">
  <testcase classname="test.day3" name="LoginLoan" time="0.006"/>
  <system-out/>
  <testcase classname="test.day3" name="MobileLoginCarLoan" time="0.001"/>
  <system-out/>
  <testcase classname="test.day3" name="MobileLoginCarLoan" time="0.004"/>
  <system-out/>
  <testcase classname="test.day3" name="MobileLoginCarLoan" time="0.001"/>
  <system-out/>
  <testcase classname="test.day3" name="MobileSigninCarLoan" time="0.003"/>
  <system-out/>
  <testcase classname="test.day3" name="MobileLogOutCarLoan">
    <skipped/>
  </testcase> <!-- MobileLogOutCarLoan -->
  <system-out/>
</testsuite> <!-- test.day3 -->
