<?xml version="1.0" encoding="UTF-8"?>
<!-- Generated by org.testng.reporters.JUnitReportReporter -->
<testsuite hostname="DESKTOP-5B3SDIE" failures="0" tests="1" name="test.day2" time="0.001" errors="0" timestamp="2024-11-05T16:30:04 EST" skipped="0">
  <testcase classname="test.day2" name="demo2" time="0.001"/>
  <system-out/>
</testsuite> <!-- test.day2 -->
